DEBUG:  /home/heshan/Projects/ballerina-lang clean

> Configure project :ballerinalang-data-mapper
Compiler args: [-AnativeEntityProviderClass=StandardNativeElementProvider, -AnativeEntityProviderPackage=org.ballerinalang.langdatamapper.generated.providers, -s, /home/heshan/Projects/ballerina-lang/misc/ballerinalang-data-mapper/build/generated-from-annot]

> Configure project :language-server-integration-tests
Compiler args: [-AnativeEntityProviderClass=StandardNativeElementProvider, -AnativeEntityProviderPackage=org.ballerinalang.languageserverintegrationtests.generated.providers, -s, /home/heshan/Projects/ballerina-lang/tests/language-server-integration-tests/build/generated-from-annot]

> Configure project :debug-adapter:debug-adapter-core
Compiler args: [-AnativeEntityProviderClass=StandardNativeElementProvider, -AnativeEntityProviderPackage=org.ballerinalang.debugadaptercore.generated.providers, -s, /home/heshan/Projects/ballerina-lang/misc/debug-adapter/modules/debug-adapter-core/build/generated-from-annot]

> Configure project :formatter:formatter-cli
Compiler args: [-AnativeEntityProviderClass=StandardNativeElementProvider, -AnativeEntityProviderPackage=org.ballerinalang.formattercli.generated.providers, -s, /home/heshan/Projects/ballerina-lang/misc/formatter/modules/formatter-cli/build/generated-from-annot]

> Configure project :language-server:language-server-core
Compiler args: [-AnativeEntityProviderClass=StandardNativeElementProvider, -AnativeEntityProviderPackage=org.ballerinalang.languageservercore.generated.providers, -s, /home/heshan/Projects/ballerina-lang/language-server/modules/langserver-core/build/generated-from-annot]

> Task :clean UP-TO-DATE
> Task :ballerina-bindgen:clean UP-TO-DATE
> Task :ballerina-cli:clean UP-TO-DATE
> Task :ballerina-compiler-plugin-test:clean UP-TO-DATE
> Task :ballerina-io-internal:clean UP-TO-DATE
> Task :ballerina-compiler-api-test:clean UP-TO-DATE
> Task :ballerina-lang-test:clean UP-TO-DATE
> Task :ballerina-lang:clean UP-TO-DATE
> Task :ballerina-linter:clean UP-TO-DATE
> Task :ballerina-parser:clean UP-TO-DATE
> Task :ballerina-rt:clean UP-TO-DATE
> Task :ballerina-profiler:clean
> Task :ballerina-runtime:clean UP-TO-DATE
> Task :ballerina-test-utils:clean UP-TO-DATE
> Task :ballerina-spec-conformance-tests:clean UP-TO-DATE
> Task :ballerina-tools-api:clean UP-TO-DATE
> Task :ballerinalang-data-mapper:clean UP-TO-DATE
> Task :ballerina-treegen:clean UP-TO-DATE
> Task :benchmarks:clean UP-TO-DATE
> Task :central-client:clean UP-TO-DATE
> Task :bir-spec:clean UP-TO-DATE
> Task :diagram-util:clean UP-TO-DATE
> Task :docerina:clean UP-TO-DATE
> Task :docerina-gradle-plugin:clean UP-TO-DATE
> Task :identifier-util:clean UP-TO-DATE
> Task :jballerina:clean UP-TO-DATE
> Task :jballerina-benchmark-test:clean UP-TO-DATE
> Task :jballerina-debugger-integration-test:clean
> Task :jballerina-semtype-test:clean UP-TO-DATE
> Task :jballerina-integration-test:clean UP-TO-DATE
> Task :jballerina-tools:clean
> Task :jballerina-unit-test:clean UP-TO-DATE
> Task :json-mapper:clean UP-TO-DATE
> Task :language-server-integration-tests:clean UP-TO-DATE
> Task :lib-creator:clean UP-TO-DATE
> Task :maven-resolver:clean UP-TO-DATE
> Task :project-api-test:clean UP-TO-DATE
> Task :semtypes:clean UP-TO-DATE
> Task :syntax-api-calls-gen:clean UP-TO-DATE
> Task :test-launch-listener-01:clean UP-TO-DATE
> Task :test-launch-listener-02:clean UP-TO-DATE
> Task :test-launch-listener-04:clean UP-TO-DATE
> Task :test-launch-listener-03:clean UP-TO-DATE
> Task :xml-to-record-converter:clean UP-TO-DATE
> Task :toml-parser:clean UP-TO-DATE
> Task :testerina-integration-test:clean
> Task :ballerina-lang:bool:clean UP-TO-DATE
> Task :ballerina-lang:annotations:clean UP-TO-DATE
> Task :ballerina-lang:array:clean UP-TO-DATE
> Task :ballerina-lang:decimal:clean UP-TO-DATE
> Task :ballerina-lang:floatingpoint:clean UP-TO-DATE
> Task :ballerina-lang:future:clean UP-TO-DATE
> Task :ballerina-lang:function:clean UP-TO-DATE
> Task :ballerina-lang:error:clean UP-TO-DATE
> Task :ballerina-lang:integer:clean UP-TO-DATE
> Task :ballerina-lang:internal:clean UP-TO-DATE
> Task :ballerina-lang:jballerina.java:clean UP-TO-DATE
> Task :ballerina-lang:object:clean UP-TO-DATE
> Task :ballerina-lang:query:clean UP-TO-DATE
> Task :ballerina-lang:map:clean UP-TO-DATE
> Task :ballerina-lang:stream:clean UP-TO-DATE
> Task :ballerina-lang:runtime:clean UP-TO-DATE
> Task :ballerina-lang:regexp:clean UP-TO-DATE
> Task :ballerina-lang:table:clean UP-TO-DATE
> Task :ballerina-lang:transaction:clean UP-TO-DATE
> Task :ballerina-lang:string:clean UP-TO-DATE
> Task :ballerina-lang:typedesc:clean UP-TO-DATE
> Task :ballerina-lang:xml:clean UP-TO-DATE
> Task :ballerina-lang:value:clean UP-TO-DATE
> Task :ballerina-langlib:test:clean UP-TO-DATE
> Task :ballerina-shell:shell-cli:clean UP-TO-DATE
> Task :ballerina-shell:shell-core:clean UP-TO-DATE
> Task :compiler-plugins:configurable-schema-generator:clean UP-TO-DATE
> Task :ballerina-shell:shell-rt:clean UP-TO-DATE
> Task :build-config:checkstyle:clean UP-TO-DATE
> Task :debug-adapter:debug-adapter-cli:clean UP-TO-DATE
> Task :compiler-plugins:package-semantic-analyzer:clean UP-TO-DATE
> Task :debug-adapter:debug-adapter-core:clean UP-TO-DATE
> Task :debug-adapter:debug-adapter-runtime:clean UP-TO-DATE
> Task :formatter:formatter-cli:clean UP-TO-DATE
> Task :formatter:formatter-core:clean UP-TO-DATE
> Task :language-server:language-server-commons:clean UP-TO-DATE
> Task :language-server:language-server-core:clean UP-TO-DATE
> Task :language-server:language-server-cli:clean UP-TO-DATE
> Task :language-server:language-server-stdlib:clean UP-TO-DATE
> Task :language-server:language-server-stdio-launcher:clean UP-TO-DATE
> Task :ls-extensions:bal-shell-service:clean UP-TO-DATE
> Task :ls-extensions:json-to-record-converter:clean UP-TO-DATE
> Task :ls-extensions:partial-parser:clean UP-TO-DATE
> Task :ls-extensions:performance-analyzer-services:clean UP-TO-DATE
> Task :ls-extensions:trigger-service:clean UP-TO-DATE
> Task :metrics-extensions:ballerina-metrics-extension:clean UP-TO-DATE
> Task :project-api-test-artifact:add-remove-function-code-modify-compiler-plugin:clean UP-TO-DATE
> Task :project-api-test-artifact:bad-sad-compiler-plugin:clean UP-TO-DATE
> Task :project-api-test-artifact:compiler-plugin-with-codeactions:clean UP-TO-DATE
> Task :project-api-test-artifact:compiler-plugin-with-analyzer-generator-modifier:clean UP-TO-DATE
> Task :project-api-test-artifact:compiler-plugin-with-completion-providers:clean UP-TO-DATE
> Task :project-api-test-artifact:compiler-plugin-with-one-dependency:clean UP-TO-DATE
> Task :project-api-test-artifact:compiler-plugin-with-two-dependencies:clean UP-TO-DATE
> Task :project-api-test-artifact:diagnostic-utils-lib:clean UP-TO-DATE
> Task :project-api-test-artifact:function-node-analyzer-compiler-plugin:clean UP-TO-DATE
> Task :project-api-test-artifact:event-logger-compiler-plugin:clean UP-TO-DATE
> Task :project-api-test-artifact:init-function-code-modify-compiler-plugin:clean UP-TO-DATE
> Task :project-api-test-artifact:init-function-codegen-compiler-plugin:clean UP-TO-DATE
> Task :project-api-test-artifact:init-function-diagnostic-compiler-plugin:clean UP-TO-DATE
> Task :project-api-test-artifact:log-creator-in-built-code-analyzer:clean UP-TO-DATE
> Task :project-api-test-artifact:log-creator-in-built-code-generator:clean UP-TO-DATE
> Task :project-api-test-artifact:log-creator-in-built-code-modifier:clean UP-TO-DATE
> Task :project-api-test-artifact:log-creator-pkg-provided-code-analyzer:clean UP-TO-DATE
> Task :project-api-test-artifact:log-creator-pkg-provided-code-generator:clean UP-TO-DATE
> Task :project-api-test-artifact:log-creator-pkg-provided-code-modifier:clean UP-TO-DATE
> Task :project-api-test-artifact:logging-file-appender-plugin:clean UP-TO-DATE
> Task :project-api-test-artifact:pkg-provided-compiler-plugin-with-shared-data:clean UP-TO-DATE
> Task :project-api-test-artifact:remove-function-code-modify-compiler-plugin:clean UP-TO-DATE
> Task :project-api-test-artifact:sample-openapi-build-tool:clean UP-TO-DATE
> Task :project-api-test-artifact:string-utils-lib:clean UP-TO-DATE
> Task :project-api-test-artifact:simple-code-gen-plugin-with-resource-gen:clean UP-TO-DATE
> Task :semver-checker:semver-checker-core:clean UP-TO-DATE
> Task :testerina:testerina-core:clean UP-TO-DATE
> Task :testerina:testerina-runtime:clean UP-TO-DATE
> Task :semver-checker:semver-checker-cli:clean UP-TO-DATE
> Task :testerina:testerina-compiler-plugin:clean UP-TO-DATE

Deprecated Gradle features were used in this build, making it incompatible with Gradle 9.0.

You can use '--warning-mode all' to show the individual deprecation warnings and determine if they come from your own scripts or plugins.

For more on this, please refer to https://docs.gradle.org/8.2.1/userguide/command_line_interface.html#sec:command_line_warnings in the Gradle documentation.

BUILD SUCCESSFUL in 1s
122 actionable tasks: 4 executed, 118 up-to-date

build command returned with errors: 
> Configure project :ballerinalang-data-mapper
Compiler args: [-AnativeEntityProviderClass=StandardNativeElementProvider, -AnativeEntityProviderPackage=org.ballerinalang.langdatamapper.generated.providers, -s, /home/heshan/Projects/ballerina-lang/misc/ballerinalang-data-mapper/build/generated-from-annot]

> Configure project :language-server-integration-tests
Compiler args: [-AnativeEntityProviderClass=StandardNativeElementProvider, -AnativeEntityProviderPackage=org.ballerinalang.languageserverintegrationtests.generated.providers, -s, /home/heshan/Projects/ballerina-lang/tests/language-server-integration-tests/build/generated-from-annot]

> Configure project :debug-adapter:debug-adapter-core
Compiler args: [-AnativeEntityProviderClass=StandardNativeElementProvider, -AnativeEntityProviderPackage=org.ballerinalang.debugadaptercore.generated.providers, -s, /home/heshan/Projects/ballerina-lang/misc/debug-adapter/modules/debug-adapter-core/build/generated-from-annot]

> Configure project :formatter:formatter-cli
Compiler args: [-AnativeEntityProviderClass=StandardNativeElementProvider, -AnativeEntityProviderPackage=org.ballerinalang.formattercli.generated.providers, -s, /home/heshan/Projects/ballerina-lang/misc/formatter/modules/formatter-cli/build/generated-from-annot]

> Configure project :language-server:language-server-core
Compiler args: [-AnativeEntityProviderClass=StandardNativeElementProvider, -AnativeEntityProviderPackage=org.ballerinalang.languageservercore.generated.providers, -s, /home/heshan/Projects/ballerina-lang/language-server/modules/langserver-core/build/generated-from-annot]

> Task :clean UP-TO-DATE
> Task :ballerina-bindgen:clean UP-TO-DATE
> Task :ballerina-cli:clean UP-TO-DATE
> Task :ballerina-compiler-plugin-test:clean UP-TO-DATE
> Task :ballerina-io-internal:clean UP-TO-DATE
> Task :ballerina-compiler-api-test:clean UP-TO-DATE
> Task :ballerina-lang-test:clean UP-TO-DATE
> Task :ballerina-lang:clean UP-TO-DATE
> Task :ballerina-linter:clean UP-TO-DATE
> Task :ballerina-parser:clean UP-TO-DATE
> Task :ballerina-rt:clean UP-TO-DATE
> Task :ballerina-profiler:clean
> Task :ballerina-runtime:clean UP-TO-DATE
> Task :ballerina-test-utils:clean UP-TO-DATE
> Task :ballerina-spec-conformance-tests:clean UP-TO-DATE
> Task :ballerina-tools-api:clean UP-TO-DATE
> Task :ballerinalang-data-mapper:clean UP-TO-DATE
> Task :ballerina-treegen:clean UP-TO-DATE
> Task :benchmarks:clean UP-TO-DATE
> Task :central-client:clean UP-TO-DATE
> Task :bir-spec:clean UP-TO-DATE
> Task :diagram-util:clean UP-TO-DATE
> Task :docerina:clean UP-TO-DATE
> Task :docerina-gradle-plugin:clean UP-TO-DATE
> Task :identifier-util:clean UP-TO-DATE
> Task :jballerina:clean UP-TO-DATE
> Task :jballerina-benchmark-test:clean UP-TO-DATE
> Task :jballerina-debugger-integration-test:clean
> Task :jballerina-semtype-test:clean UP-TO-DATE
> Task :jballerina-integration-test:clean UP-TO-DATE
> Task :jballerina-tools:clean
> Task :jballerina-unit-test:clean UP-TO-DATE
> Task :json-mapper:clean UP-TO-DATE
> Task :language-server-integration-tests:clean UP-TO-DATE
> Task :lib-creator:clean UP-TO-DATE
> Task :maven-resolver:clean UP-TO-DATE
> Task :project-api-test:clean UP-TO-DATE
> Task :semtypes:clean UP-TO-DATE
> Task :syntax-api-calls-gen:clean UP-TO-DATE
> Task :test-launch-listener-01:clean UP-TO-DATE
> Task :test-launch-listener-02:clean UP-TO-DATE
> Task :test-launch-listener-04:clean UP-TO-DATE
> Task :test-launch-listener-03:clean UP-TO-DATE
> Task :xml-to-record-converter:clean UP-TO-DATE
> Task :toml-parser:clean UP-TO-DATE
> Task :testerina-integration-test:clean
> Task :ballerina-lang:bool:clean UP-TO-DATE
> Task :ballerina-lang:annotations:clean UP-TO-DATE
> Task :ballerina-lang:array:clean UP-TO-DATE
> Task :ballerina-lang:decimal:clean UP-TO-DATE
> Task :ballerina-lang:floatingpoint:clean UP-TO-DATE
> Task :ballerina-lang:future:clean UP-TO-DATE
> Task :ballerina-lang:function:clean UP-TO-DATE
> Task :ballerina-lang:error:clean UP-TO-DATE
> Task :ballerina-lang:integer:clean UP-TO-DATE
> Task :ballerina-lang:internal:clean UP-TO-DATE
> Task :ballerina-lang:jballerina.java:clean UP-TO-DATE
> Task :ballerina-lang:object:clean UP-TO-DATE
> Task :ballerina-lang:query:clean UP-TO-DATE
> Task :ballerina-lang:map:clean UP-TO-DATE
> Task :ballerina-lang:stream:clean UP-TO-DATE
> Task :ballerina-lang:runtime:clean UP-TO-DATE
> Task :ballerina-lang:regexp:clean UP-TO-DATE
> Task :ballerina-lang:table:clean UP-TO-DATE
> Task :ballerina-lang:transaction:clean UP-TO-DATE
> Task :ballerina-lang:string:clean UP-TO-DATE
> Task :ballerina-lang:typedesc:clean UP-TO-DATE
> Task :ballerina-lang:xml:clean UP-TO-DATE
> Task :ballerina-lang:value:clean UP-TO-DATE
> Task :ballerina-langlib:test:clean UP-TO-DATE
> Task :ballerina-shell:shell-cli:clean UP-TO-DATE
> Task :ballerina-shell:shell-core:clean UP-TO-DATE
> Task :compiler-plugins:configurable-schema-generator:clean UP-TO-DATE
> Task :ballerina-shell:shell-rt:clean UP-TO-DATE
> Task :build-config:checkstyle:clean UP-TO-DATE
> Task :debug-adapter:debug-adapter-cli:clean UP-TO-DATE
> Task :compiler-plugins:package-semantic-analyzer:clean UP-TO-DATE
> Task :debug-adapter:debug-adapter-core:clean UP-TO-DATE
> Task :debug-adapter:debug-adapter-runtime:clean UP-TO-DATE
> Task :formatter:formatter-cli:clean UP-TO-DATE
> Task :formatter:formatter-core:clean UP-TO-DATE
> Task :language-server:language-server-commons:clean UP-TO-DATE
> Task :language-server:language-server-core:clean UP-TO-DATE
> Task :language-server:language-server-cli:clean UP-TO-DATE
> Task :language-server:language-server-stdlib:clean UP-TO-DATE
> Task :language-server:language-server-stdio-launcher:clean UP-TO-DATE
> Task :ls-extensions:bal-shell-service:clean UP-TO-DATE
> Task :ls-extensions:json-to-record-converter:clean UP-TO-DATE
> Task :ls-extensions:partial-parser:clean UP-TO-DATE
> Task :ls-extensions:performance-analyzer-services:clean UP-TO-DATE
> Task :ls-extensions:trigger-service:clean UP-TO-DATE
> Task :metrics-extensions:ballerina-metrics-extension:clean UP-TO-DATE
> Task :project-api-test-artifact:add-remove-function-code-modify-compiler-plugin:clean UP-TO-DATE
> Task :project-api-test-artifact:bad-sad-compiler-plugin:clean UP-TO-DATE
> Task :project-api-test-artifact:compiler-plugin-with-codeactions:clean UP-TO-DATE
> Task :project-api-test-artifact:compiler-plugin-with-analyzer-generator-modifier:clean UP-TO-DATE
> Task :project-api-test-artifact:compiler-plugin-with-completion-providers:clean UP-TO-DATE
> Task :project-api-test-artifact:compiler-plugin-with-one-dependency:clean UP-TO-DATE
> Task :project-api-test-artifact:compiler-plugin-with-two-dependencies:clean UP-TO-DATE
> Task :project-api-test-artifact:diagnostic-utils-lib:clean UP-TO-DATE
> Task :project-api-test-artifact:function-node-analyzer-compiler-plugin:clean UP-TO-DATE
> Task :project-api-test-artifact:event-logger-compiler-plugin:clean UP-TO-DATE
> Task :project-api-test-artifact:init-function-code-modify-compiler-plugin:clean UP-TO-DATE
> Task :project-api-test-artifact:init-function-codegen-compiler-plugin:clean UP-TO-DATE
> Task :project-api-test-artifact:init-function-diagnostic-compiler-plugin:clean UP-TO-DATE
> Task :project-api-test-artifact:log-creator-in-built-code-analyzer:clean UP-TO-DATE
> Task :project-api-test-artifact:log-creator-in-built-code-generator:clean UP-TO-DATE
> Task :project-api-test-artifact:log-creator-in-built-code-modifier:clean UP-TO-DATE
> Task :project-api-test-artifact:log-creator-pkg-provided-code-analyzer:clean UP-TO-DATE
> Task :project-api-test-artifact:log-creator-pkg-provided-code-generator:clean UP-TO-DATE
> Task :project-api-test-artifact:log-creator-pkg-provided-code-modifier:clean UP-TO-DATE
> Task :project-api-test-artifact:logging-file-appender-plugin:clean UP-TO-DATE
> Task :project-api-test-artifact:pkg-provided-compiler-plugin-with-shared-data:clean UP-TO-DATE
> Task :project-api-test-artifact:remove-function-code-modify-compiler-plugin:clean UP-TO-DATE
> Task :project-api-test-artifact:sample-openapi-build-tool:clean UP-TO-DATE
> Task :project-api-test-artifact:string-utils-lib:clean UP-TO-DATE
> Task :project-api-test-artifact:simple-code-gen-plugin-with-resource-gen:clean UP-TO-DATE
> Task :semver-checker:semver-checker-core:clean UP-TO-DATE
> Task :testerina:testerina-core:clean UP-TO-DATE
> Task :testerina:testerina-runtime:clean UP-TO-DATE
> Task :semver-checker:semver-checker-cli:clean UP-TO-DATE
> Task :testerina:testerina-compiler-plugin:clean UP-TO-DATE

Deprecated Gradle features were used in this build, making it incompatible with Gradle 9.0.

You can use '--warning-mode all' to show the individual deprecation warnings and determine if they come from your own scripts or plugins.

For more on this, please refer to https://docs.gradle.org/8.2.1/userguide/command_line_interface.html#sec:command_line_warnings in the Gradle documentation.

BUILD SUCCESSFUL in 1s
122 actionable tasks: 4 executed, 118 up-to-date

